SF:lib/domain/entities/tv.dart
DA:5,13
DA:21,2
DA:42,5
DA:44,5
DA:45,5
DA:46,5
DA:47,5
DA:48,5
DA:49,5
DA:50,5
DA:51,5
DA:52,5
DA:53,5
DA:54,5
DA:55,5
DA:56,5
DA:57,5
LF:17
LH:17
end_of_record
SF:lib/domain/usecases/get_top_rated_tv.dart
DA:9,1
DA:11,1
DA:12,2
LF:3
LH:3
end_of_record
SF:lib/common/failure.dart
DA:6,27
DA:8,2
DA:9,4
DA:13,50
DA:17,4
DA:21,14
DA:25,0
LF:7
LH:6
end_of_record
SF:lib/data/datasources/db/database_helper.dart
DA:9,0
DA:13,0
DA:17,0
DA:19,0
DA:27,0
DA:28,0
DA:29,0
DA:31,0
DA:35,0
DA:36,0
DA:43,0
DA:45,0
DA:52,0
DA:55,0
DA:56,0
DA:57,0
DA:60,0
DA:61,0
DA:62,0
DA:65,0
DA:69,0
DA:70,0
DA:71,0
DA:74,0
DA:77,0
DA:78,0
DA:84,0
DA:85,0
DA:86,0
DA:92,0
DA:93,0
DA:94,0
DA:97,0
DA:98,0
DA:99,0
DA:102,0
DA:106,0
DA:107,0
DA:108,0
DA:111,0
DA:114,0
DA:115,0
DA:121,0
DA:122,0
DA:123,0
LF:45
LH:0
end_of_record
SF:lib/data/datasources/movie_local_data_source.dart
DA:15,1
DA:18,1
DA:20,3
DA:23,2
DA:28,1
DA:30,3
DA:33,2
DA:38,1
DA:39,3
DA:41,1
DA:48,1
DA:49,3
DA:50,4
LF:13
LH:13
end_of_record
SF:lib/data/datasources/movie_remote_data_source.dart
DA:24,1
DA:27,1
DA:29,5
DA:31,2
DA:32,4
DA:34,1
DA:39,1
DA:41,5
DA:43,2
DA:44,3
DA:46,1
DA:51,1
DA:52,2
DA:53,3
DA:55,2
DA:56,4
DA:58,1
DA:63,1
DA:65,5
DA:67,2
DA:68,4
DA:70,1
DA:75,1
DA:77,5
DA:79,2
DA:80,4
DA:82,1
DA:87,1
DA:88,2
DA:89,3
DA:91,2
DA:92,4
DA:94,1
LF:33
LH:33
end_of_record
SF:lib/data/datasources/tv_local_data_source.dart
DA:15,1
DA:18,1
DA:20,3
DA:23,2
DA:28,1
DA:30,3
DA:33,2
DA:38,1
DA:39,3
DA:41,1
DA:48,1
DA:49,3
DA:50,4
LF:13
LH:13
end_of_record
SF:lib/data/datasources/tv_remote_data_source.dart
DA:26,1
DA:29,1
DA:31,5
DA:33,2
DA:34,4
DA:36,1
DA:41,1
DA:43,5
DA:44,2
DA:45,4
DA:47,1
DA:52,1
DA:54,5
DA:55,2
DA:56,4
DA:58,1
DA:63,1
DA:64,5
DA:66,2
DA:67,3
DA:69,1
DA:74,1
DA:76,5
DA:78,2
DA:79,3
DA:81,1
DA:86,1
DA:87,2
DA:88,3
DA:90,2
DA:91,4
DA:93,1
DA:98,1
DA:99,2
DA:100,3
DA:102,2
DA:103,4
DA:105,1
LF:38
LH:38
end_of_record
SF:lib/data/models/movie_detail_model.dart
DA:6,2
DA:52,1
DA:53,1
DA:54,1
DA:55,1
DA:56,1
DA:57,1
DA:58,4
DA:59,1
DA:60,1
DA:61,1
DA:62,1
DA:63,1
DA:64,1
DA:65,2
DA:66,1
DA:67,1
DA:68,1
DA:69,1
DA:70,1
DA:71,1
DA:72,1
DA:73,1
DA:74,2
DA:75,1
DA:78,0
DA:79,0
DA:80,0
DA:81,0
DA:82,0
DA:83,0
DA:84,0
DA:85,0
DA:86,0
DA:87,0
DA:88,0
DA:89,0
DA:90,0
DA:91,0
DA:92,0
DA:93,0
DA:94,0
DA:95,0
DA:96,0
DA:97,0
DA:98,0
DA:99,0
DA:102,1
DA:103,1
DA:104,1
DA:105,1
DA:106,5
DA:107,1
DA:108,1
DA:109,1
DA:110,1
DA:111,1
DA:112,1
DA:113,1
DA:114,1
DA:115,1
DA:119,1
DA:120,1
DA:121,1
DA:122,1
DA:123,1
DA:124,1
DA:125,1
DA:126,1
DA:127,1
DA:128,1
DA:129,1
DA:130,1
DA:131,1
DA:132,1
DA:133,1
DA:134,1
DA:135,1
DA:136,1
DA:137,1
DA:138,1
DA:139,1
DA:140,1
DA:141,1
LF:84
LH:62
end_of_record
SF:lib/data/models/movie_model.dart
DA:5,4
DA:35,4
DA:36,2
DA:37,2
DA:38,8
DA:39,2
DA:40,2
DA:41,2
DA:42,4
DA:43,2
DA:44,2
DA:45,2
DA:46,2
DA:47,4
DA:48,2
DA:51,2
DA:52,1
DA:53,1
DA:54,4
DA:55,1
DA:56,1
DA:57,1
DA:58,1
DA:59,1
DA:60,1
DA:61,1
DA:62,1
DA:63,1
DA:64,1
DA:67,2
DA:68,2
DA:69,2
DA:70,2
DA:71,2
DA:72,2
DA:73,2
DA:74,2
DA:75,2
DA:76,2
DA:77,2
DA:78,2
DA:79,2
DA:80,2
DA:81,2
DA:85,2
DA:86,2
DA:87,2
DA:88,2
DA:89,2
DA:90,2
DA:91,2
DA:92,2
DA:93,2
DA:94,2
DA:95,2
DA:96,2
DA:97,2
DA:98,2
DA:99,2
LF:59
LH:59
end_of_record
SF:lib/data/models/movie_table.dart
DA:11,2
DA:18,2
DA:19,1
DA:20,1
DA:21,1
DA:22,1
DA:25,2
DA:26,1
DA:27,1
DA:28,1
DA:29,1
DA:32,0
DA:33,0
DA:34,0
DA:35,0
DA:36,0
DA:39,2
DA:40,1
DA:41,1
DA:42,1
DA:43,1
DA:46,2
DA:47,10
LF:23
LH:18
end_of_record
SF:lib/data/models/season_response.dart
DA:6,1
DA:26,0
DA:27,0
DA:28,0
DA:29,0
DA:30,0
DA:31,0
DA:32,0
DA:33,0
DA:34,0
DA:37,2
DA:38,1
DA:39,2
DA:40,1
DA:41,4
DA:42,3
DA:43,1
DA:44,1
DA:45,1
DA:46,1
DA:47,1
DA:48,1
DA:51,1
DA:53,1
DA:54,1
DA:55,1
DA:56,1
DA:57,1
DA:58,1
DA:59,1
DA:60,1
DA:61,1
LF:32
LH:23
end_of_record
SF:lib/data/models/tv_detail_model.dart
DA:7,2
DA:49,2
DA:50,1
DA:51,1
DA:52,5
DA:53,1
DA:54,1
DA:55,1
DA:56,1
DA:57,1
DA:58,1
DA:59,1
DA:60,1
DA:61,1
DA:62,1
DA:63,1
DA:64,1
DA:65,1
DA:66,1
DA:67,1
DA:68,1
DA:71,1
DA:72,1
DA:73,1
DA:74,4
DA:75,1
DA:76,4
DA:77,1
DA:78,1
DA:79,1
DA:80,1
DA:81,1
DA:82,1
DA:83,1
DA:84,1
DA:85,1
DA:86,2
DA:87,1
DA:88,1
DA:89,1
DA:90,1
DA:91,2
DA:92,1
DA:95,0
DA:96,0
DA:97,0
DA:98,0
DA:99,0
DA:100,0
DA:101,0
DA:102,0
DA:103,0
DA:104,0
DA:105,0
DA:106,0
DA:107,0
DA:108,0
DA:109,0
DA:110,0
DA:111,0
DA:112,0
DA:113,0
DA:114,0
DA:117,1
DA:119,1
DA:120,1
DA:121,1
DA:122,1
DA:123,1
DA:124,1
DA:125,1
DA:126,1
DA:127,1
DA:128,1
DA:129,1
DA:130,1
DA:131,1
DA:132,1
DA:133,1
DA:134,1
DA:135,1
DA:136,1
DA:137,1
DA:138,1
LF:84
LH:64
end_of_record
SF:lib/data/models/tv_model.dart
DA:5,4
DA:35,4
DA:36,2
DA:37,2
DA:38,2
DA:39,2
DA:40,2
DA:41,2
DA:42,2
DA:43,2
DA:44,2
DA:45,2
DA:46,2
DA:47,2
DA:48,2
DA:51,4
DA:52,2
DA:53,2
DA:54,8
DA:55,2
DA:56,2
DA:57,8
DA:58,2
DA:59,2
DA:60,2
DA:61,4
DA:62,2
DA:63,4
DA:64,2
DA:67,2
DA:68,1
DA:69,1
DA:70,4
DA:71,1
DA:72,1
DA:73,4
DA:74,1
DA:75,1
DA:76,1
DA:77,1
DA:78,1
DA:79,1
DA:80,1
DA:83,2
DA:85,2
DA:86,2
DA:87,2
DA:88,2
DA:89,2
DA:90,2
DA:91,2
DA:92,2
DA:93,2
DA:94,2
DA:95,2
DA:96,2
DA:97,2
DA:98,2
LF:58
LH:58
end_of_record
SF:lib/data/models/tv_table.dart
DA:11,2
DA:18,0
DA:19,0
DA:20,0
DA:21,0
DA:22,0
DA:23,0
DA:27,1
DA:28,1
DA:29,1
DA:30,1
DA:31,1
DA:32,1
DA:36,1
DA:37,1
DA:38,1
DA:39,1
DA:40,1
DA:41,1
DA:45,2
DA:46,1
DA:47,1
DA:48,1
DA:49,1
DA:52,2
DA:53,10
LF:26
LH:20
end_of_record
SF:lib/domain/entities/movie.dart
DA:5,17
DA:21,2
DA:42,8
DA:43,8
DA:44,8
DA:45,8
DA:46,8
DA:47,8
DA:48,8
DA:49,8
DA:50,8
DA:51,8
DA:52,8
DA:53,8
DA:54,8
DA:55,8
DA:56,8
LF:17
LH:17
end_of_record
SF:lib/domain/entities/movie_detail.dart
DA:5,8
DA:33,2
DA:34,2
DA:35,2
DA:36,2
DA:37,2
DA:38,2
DA:39,2
DA:40,2
DA:41,2
DA:42,2
DA:43,2
DA:44,2
DA:45,2
LF:14
LH:14
end_of_record
SF:lib/domain/entities/season.dart
DA:5,1
DA:25,0
DA:27,0
DA:28,0
DA:29,0
DA:30,0
DA:31,0
DA:32,0
DA:33,0
DA:34,0
DA:35,0
LF:11
LH:1
end_of_record
SF:lib/domain/entities/tv_detail.dart
DA:5,4
DA:47,2
DA:49,2
DA:50,2
DA:51,2
DA:52,2
DA:53,2
DA:54,2
DA:55,2
DA:56,2
DA:57,2
DA:58,2
DA:59,2
DA:60,2
DA:61,2
DA:62,2
DA:63,2
DA:64,2
DA:65,2
DA:66,2
DA:67,2
DA:68,2
LF:22
LH:22
end_of_record
SF:lib/common/exception.dart
DA:6,4
LF:1
LH:1
end_of_record
SF:lib/data/models/movie_response.dart
DA:7,2
DA:9,4
DA:10,4
DA:11,6
DA:12,6
DA:15,2
DA:16,5
DA:19,1
DA:20,2
LF:9
LH:9
end_of_record
SF:lib/data/models/tv_response.dart
DA:5,2
DA:11,4
DA:12,4
DA:13,6
DA:14,4
DA:15,2
DA:16,4
DA:17,2
DA:20,2
DA:21,5
DA:24,1
DA:25,2
LF:12
LH:12
end_of_record
SF:lib/data/models/episode_model.dart
DA:5,1
DA:31,0
DA:32,0
DA:33,0
DA:34,0
DA:35,0
DA:36,0
DA:37,0
DA:38,0
DA:39,0
DA:40,0
DA:41,0
DA:42,0
DA:45,2
DA:46,1
DA:47,3
DA:48,4
DA:49,1
DA:50,1
DA:51,1
DA:52,1
DA:53,1
DA:54,1
DA:55,2
DA:56,1
DA:59,0
DA:60,0
DA:61,0
DA:62,0
DA:63,0
DA:64,0
DA:65,0
DA:66,0
DA:67,0
DA:68,0
DA:69,0
DA:70,0
DA:73,0
DA:75,0
DA:76,0
DA:77,0
DA:78,0
DA:79,0
DA:80,0
DA:81,0
DA:82,0
DA:83,0
DA:84,0
DA:85,0
DA:86,0
LF:50
LH:13
end_of_record
SF:lib/domain/entities/episode.dart
DA:4,1
DA:30,0
DA:32,0
DA:33,0
DA:34,0
DA:35,0
DA:36,0
DA:37,0
DA:38,0
DA:39,0
DA:40,0
DA:41,0
DA:42,0
DA:43,0
LF:14
LH:1
end_of_record
SF:lib/data/models/genre_model.dart
DA:5,4
DA:13,4
DA:14,2
DA:15,2
DA:18,0
DA:19,0
DA:20,0
DA:23,2
DA:24,6
DA:27,2
DA:28,6
LF:11
LH:8
end_of_record
SF:lib/domain/entities/genre.dart
DA:4,12
DA:12,4
DA:13,12
LF:3
LH:3
end_of_record
SF:lib/domain/usecases/get_now_playing_tv.dart
DA:9,1
DA:11,1
DA:12,2
LF:3
LH:3
end_of_record
SF:lib/domain/usecases/remove_watchlist.dart
DA:9,1
DA:11,1
DA:12,2
LF:3
LH:3
end_of_record
SF:lib/domain/usecases/search_tv.dart
DA:9,1
DA:11,1
DA:12,2
LF:3
LH:3
end_of_record
SF:lib/domain/usecases/get_watchlist_movies.dart
DA:9,1
DA:11,1
DA:12,2
LF:3
LH:3
end_of_record
SF:lib/domain/usecases/search_movies.dart
DA:9,1
DA:11,1
DA:12,2
LF:3
LH:3
end_of_record
SF:lib/domain/usecases/get_now_playing_movies.dart
DA:9,1
DA:11,1
DA:12,2
LF:3
LH:3
end_of_record
SF:lib/domain/usecases/save_watchlist.dart
DA:9,1
DA:11,1
DA:12,2
LF:3
LH:3
end_of_record
SF:lib/domain/usecases/get_movie_recommendations.dart
DA:9,1
DA:11,1
DA:12,2
LF:3
LH:3
end_of_record
SF:lib/domain/usecases/get_popular_movies.dart
DA:9,1
DA:11,1
DA:12,2
LF:3
LH:3
end_of_record
SF:lib/domain/usecases/get_watchlist_status.dart
DA:6,1
DA:8,1
DA:9,2
LF:3
LH:3
end_of_record
SF:lib/domain/usecases/get_popular_tv.dart
DA:9,1
DA:11,1
DA:12,2
LF:3
LH:3
end_of_record
SF:lib/domain/usecases/get_tv_detail.dart
DA:9,1
DA:11,1
DA:12,2
LF:3
LH:3
end_of_record
SF:lib/domain/usecases/get_top_rated_movies.dart
DA:9,1
DA:11,1
DA:12,2
LF:3
LH:3
end_of_record
SF:lib/domain/usecases/get_movie_detail.dart
DA:9,1
DA:11,1
DA:12,2
LF:3
LH:3
end_of_record
SF:lib/domain/usecases/get_tv_recommendatios.dart
DA:9,1
DA:11,1
DA:12,2
LF:3
LH:3
end_of_record
SF:lib/data/repositories/tv_repository_impl.dart
DA:18,1
DA:24,1
DA:26,3
DA:27,5
DA:28,1
DA:29,2
DA:30,1
DA:31,0
DA:32,1
DA:33,2
DA:38,1
DA:40,3
DA:41,5
DA:42,1
DA:43,2
DA:44,1
DA:45,0
DA:46,1
DA:47,2
DA:52,1
DA:54,3
DA:55,5
DA:56,1
DA:57,2
DA:58,1
DA:59,0
DA:60,1
DA:61,2
DA:66,1
DA:68,3
DA:69,2
DA:70,1
DA:71,2
DA:72,1
DA:73,0
DA:74,1
DA:75,2
DA:80,0
DA:82,0
DA:84,0
DA:85,0
DA:86,0
DA:87,0
DA:88,0
DA:89,0
DA:90,0
DA:95,0
DA:97,0
DA:98,0
DA:99,0
DA:100,0
DA:101,0
DA:102,0
DA:103,0
DA:104,0
DA:109,1
DA:110,3
DA:111,5
DA:115,1
DA:116,3
DA:121,1
DA:124,4
DA:125,1
DA:126,1
DA:127,3
DA:132,1
DA:135,4
DA:136,1
DA:137,1
DA:138,3
DA:145,1
DA:147,3
DA:148,3
DA:149,1
DA:150,2
DA:151,1
DA:152,2
LF:77
LH:55
end_of_record
SF:lib/data/repositories/movie_repository_impl.dart
DA:17,1
DA:23,1
DA:25,3
DA:26,5
DA:27,1
DA:28,2
DA:29,1
DA:30,0
DA:31,1
DA:32,2
DA:37,1
DA:39,3
DA:40,2
DA:41,1
DA:42,2
DA:43,1
DA:44,0
DA:45,1
DA:46,2
DA:51,1
DA:53,3
DA:54,3
DA:55,1
DA:56,2
DA:57,1
DA:58,0
DA:59,1
DA:60,2
DA:65,1
DA:67,3
DA:68,5
DA:69,1
DA:70,2
DA:71,1
DA:72,0
DA:73,1
DA:74,2
DA:79,1
DA:81,3
DA:82,5
DA:83,1
DA:84,2
DA:85,1
DA:86,0
DA:87,1
DA:88,2
DA:93,1
DA:95,3
DA:96,5
DA:97,1
DA:98,2
DA:99,1
DA:100,0
DA:101,1
DA:102,2
DA:107,1
DA:110,4
DA:111,1
DA:112,1
DA:113,3
DA:120,1
DA:123,4
DA:124,1
DA:125,1
DA:126,3
DA:131,1
DA:132,3
DA:137,1
DA:138,3
DA:139,5
LF:70
LH:64
end_of_record
SF:lib/presentation/bloc/movie_recomendation_bloc/movie_recomendation_state.dart
DA:4,2
DA:6,1
DA:7,1
DA:17,1
DA:19,1
DA:20,2
DA:26,2
DA:28,1
DA:29,2
LF:9
LH:9
end_of_record
SF:lib/presentation/bloc/movie_recomendation_bloc/movie_recomendation_bloc.dart
DA:12,1
DA:14,2
DA:15,2
DA:16,1
DA:18,2
DA:19,3
DA:21,2
DA:22,3
DA:23,1
DA:24,2
LF:10
LH:10
end_of_record
SF:lib/presentation/bloc/movie_recomendation_bloc/movie_recomendation_event.dart
DA:4,2
DA:6,0
DA:7,0
DA:13,2
DA:15,0
DA:16,0
LF:6
LH:2
end_of_record
SF:lib/presentation/bloc/nowplaying_movie_bloc/nowplaying_movie_state.dart
DA:4,1
DA:6,1
DA:7,1
DA:17,1
DA:19,1
DA:20,2
DA:26,1
DA:30,1
DA:31,2
LF:9
LH:9
end_of_record
SF:lib/presentation/bloc/nowplaying_movie_bloc/nowplaying_movie_event.dart
DA:4,1
DA:6,0
DA:7,0
DA:11,0
DA:12,0
LF:5
LH:1
end_of_record
SF:lib/presentation/bloc/nowplaying_movie_bloc/nowplaying_movie_bloc.dart
DA:13,1
DA:14,2
DA:15,2
DA:16,2
DA:17,3
DA:18,1
DA:19,1
DA:20,3
DA:22,1
DA:23,2
LF:10
LH:10
end_of_record
SF:lib/presentation/bloc/tv_series_top_rated/tv_series_top_rated_state.dart
DA:4,2
DA:6,0
DA:7,0
DA:11,1
DA:12,1
DA:16,1
DA:17,1
DA:23,2
DA:25,1
DA:26,2
DA:32,2
DA:34,1
DA:35,2
LF:13
LH:11
end_of_record
SF:lib/presentation/bloc/tv_series_top_rated/tv_series_top_rated_bloc.dart
DA:12,3
DA:13,2
DA:14,2
DA:15,3
DA:16,1
DA:17,1
DA:18,3
DA:20,1
DA:21,2
LF:9
LH:9
end_of_record
SF:lib/presentation/bloc/tv_series_top_rated/tv_series_top_rated_event.dart
DA:4,2
DA:6,0
DA:7,0
DA:11,0
DA:12,0
LF:5
LH:1
end_of_record
SF:lib/common/constants.dart
DA:17,2
DA:18,1
DA:19,15
DA:21,0
DA:23,0
DA:27,0
LF:6
LH:3
end_of_record
SF:lib/presentation/bloc/watchlist_movie_bloc/watchlist_movie_event.dart
DA:4,2
DA:6,0
DA:7,0
DA:15,1
DA:17,0
DA:18,0
DA:24,1
DA:26,1
DA:27,2
DA:33,1
DA:35,0
DA:36,0
LF:12
LH:6
end_of_record
SF:lib/presentation/bloc/watchlist_movie_bloc/watchlist_movie_state.dart
DA:4,2
DA:6,1
DA:7,1
DA:17,1
DA:19,1
DA:20,2
DA:26,1
DA:28,1
DA:29,2
DA:35,1
DA:37,0
DA:38,0
DA:44,1
DA:46,1
DA:47,2
LF:15
LH:13
end_of_record
SF:lib/presentation/bloc/watchlist_movie_bloc/watchlist_movie_bloc.dart
DA:20,1
DA:25,2
DA:26,2
DA:27,2
DA:29,3
DA:30,1
DA:31,1
DA:32,3
DA:34,1
DA:35,2
DA:40,1
DA:41,0
DA:43,0
DA:45,0
DA:48,2
DA:49,1
DA:51,3
DA:53,2
DA:54,3
DA:55,1
DA:56,2
DA:60,2
DA:61,1
DA:63,3
DA:65,2
DA:66,3
DA:67,1
DA:68,2
LF:28
LH:25
end_of_record
SF:lib/presentation/bloc/tv_recomendation_bloc/tv_recomendation_state.dart
DA:4,1
DA:6,0
DA:7,0
DA:11,1
DA:12,1
DA:16,1
DA:17,1
DA:23,1
DA:25,1
DA:26,1
DA:32,1
DA:34,1
DA:35,1
LF:13
LH:11
end_of_record
SF:lib/presentation/bloc/tv_recomendation_bloc/tv_recomendation_bloc.dart
DA:12,1
DA:13,2
DA:14,2
DA:15,1
DA:16,2
DA:17,3
DA:18,1
DA:19,1
DA:20,3
DA:22,1
DA:23,2
LF:11
LH:11
end_of_record
SF:lib/presentation/bloc/tv_recomendation_bloc/tv_recomendation_event.dart
DA:4,1
DA:6,0
DA:7,0
DA:13,1
DA:15,0
DA:16,0
LF:6
LH:2
end_of_record
SF:lib/domain/usecases/get_tv_season.dart
DA:9,0
DA:11,0
DA:12,0
LF:3
LH:0
end_of_record
SF:lib/presentation/bloc/tv_season_bloc/tv_season_state.dart
DA:4,1
DA:6,0
DA:7,0
DA:11,1
DA:12,1
DA:16,1
DA:17,1
DA:23,1
DA:25,1
DA:26,1
DA:32,1
DA:34,1
DA:35,1
LF:13
LH:11
end_of_record
SF:lib/presentation/bloc/tv_season_bloc/tv_season_bloc.dart
DA:11,3
DA:12,2
DA:13,1
DA:14,2
DA:15,3
DA:16,1
DA:17,1
DA:18,3
DA:20,1
DA:21,2
LF:10
LH:10
end_of_record
SF:lib/presentation/bloc/tv_season_bloc/tv_season_event.dart
DA:4,1
DA:6,0
DA:7,0
DA:13,1
DA:15,0
DA:16,0
LF:6
LH:2
end_of_record
SF:lib/presentation/bloc/search_movie_bloc/search_bloc.dart
DA:12,1
DA:13,3
DA:16,3
DA:17,2
DA:18,1
DA:19,1
DA:21,2
DA:22,3
DA:24,2
DA:25,3
DA:26,1
DA:27,2
DA:29,1
LF:13
LH:13
end_of_record
SF:lib/presentation/bloc/search_movie_bloc/search_state.dart
DA:4,1
DA:6,1
DA:7,1
DA:19,1
DA:21,1
DA:22,2
DA:28,1
DA:30,1
DA:31,2
LF:9
LH:9
end_of_record
SF:lib/presentation/bloc/search_movie_bloc/search_event.dart
DA:4,1
DA:6,0
DA:7,0
DA:13,1
DA:15,0
DA:16,0
LF:6
LH:2
end_of_record
SF:lib/domain/usecases/get_tv_watchlist_status.dart
DA:6,0
DA:8,0
DA:9,0
LF:3
LH:0
end_of_record
SF:lib/domain/usecases/get_watchlist_tv.dart
DA:9,0
DA:11,0
DA:12,0
LF:3
LH:0
end_of_record
SF:lib/domain/usecases/remove_tv_watchlist.dart
DA:9,0
DA:11,0
DA:12,0
LF:3
LH:0
end_of_record
SF:lib/domain/usecases/save_tv_watchlist.dart
DA:9,0
DA:11,0
DA:12,0
LF:3
LH:0
end_of_record
SF:lib/presentation/bloc/watchlist_tv_bloc/watchlist_tv_event.dart
DA:4,1
DA:6,0
DA:7,0
DA:15,0
DA:17,0
DA:18,0
DA:24,1
DA:26,0
DA:27,0
DA:33,1
DA:35,0
DA:36,0
LF:12
LH:3
end_of_record
SF:lib/presentation/bloc/watchlist_tv_bloc/watchlist_tv_state.dart
DA:4,1
DA:6,1
DA:7,1
DA:17,1
DA:19,1
DA:20,2
DA:26,1
DA:28,1
DA:29,2
DA:35,0
DA:37,0
DA:38,0
DA:44,1
DA:46,1
DA:47,2
LF:15
LH:12
end_of_record
SF:lib/presentation/bloc/watchlist_tv_bloc/watchlist_tv_bloc.dart
DA:19,1
DA:24,2
DA:25,2
DA:26,2
DA:27,3
DA:29,2
DA:30,3
DA:31,1
DA:32,2
DA:36,1
DA:37,0
DA:39,0
DA:41,0
DA:44,2
DA:45,1
DA:47,3
DA:49,2
DA:50,3
DA:51,1
DA:52,2
DA:56,2
DA:57,1
DA:59,3
DA:61,2
DA:62,3
DA:63,1
DA:64,2
LF:27
LH:24
end_of_record
SF:lib/presentation/bloc/tv_series_popular_bloc/tv_series_popular_event.dart
DA:4,1
DA:6,0
DA:7,0
DA:11,0
DA:12,0
LF:5
LH:1
end_of_record
SF:lib/presentation/bloc/tv_series_popular_bloc/tv_series_popular_bloc.dart
DA:12,3
DA:13,2
DA:14,2
DA:15,3
DA:16,1
DA:17,1
DA:18,3
DA:20,1
DA:21,2
LF:9
LH:9
end_of_record
SF:lib/presentation/bloc/tv_series_popular_bloc/tv_series_popular_state.dart
DA:4,2
DA:6,0
DA:7,0
DA:11,1
DA:12,1
DA:16,1
DA:17,1
DA:23,2
DA:25,1
DA:26,2
DA:32,2
DA:34,1
DA:35,2
LF:13
LH:11
end_of_record
SF:lib/presentation/bloc/tv_series_now_playing_bloc/tv_series_now_playing_state.dart
DA:4,1
DA:6,0
DA:7,0
DA:11,1
DA:12,1
DA:16,1
DA:17,1
DA:23,1
DA:25,1
DA:26,1
DA:32,1
DA:34,1
DA:35,1
LF:13
LH:11
end_of_record
SF:lib/presentation/bloc/tv_series_now_playing_bloc/tv_series_now_playing_event.dart
DA:4,1
DA:6,0
DA:7,0
DA:11,0
DA:12,0
LF:5
LH:1
end_of_record
SF:lib/presentation/bloc/tv_series_now_playing_bloc/tv_series_now_playing_bloc.dart
DA:13,1
DA:14,2
DA:15,2
DA:16,2
DA:17,3
DA:18,1
DA:19,1
DA:20,3
DA:22,1
DA:23,2
LF:10
LH:10
end_of_record
SF:lib/presentation/bloc/movie_detail_bloc/movie_detail_state.dart
DA:4,3
DA:6,0
DA:7,0
DA:11,1
DA:12,1
DA:16,1
DA:17,1
DA:22,1
DA:23,1
DA:24,2
DA:29,2
DA:30,1
DA:31,2
LF:13
LH:11
end_of_record
SF:lib/presentation/bloc/movie_detail_bloc/movie_detail_event.dart
DA:4,2
DA:6,0
DA:7,0
DA:13,2
DA:15,0
DA:16,0
LF:6
LH:2
end_of_record
SF:lib/presentation/bloc/movie_detail_bloc/movie_detail_bloc.dart
DA:12,3
DA:13,2
DA:14,1
DA:16,2
DA:17,3
DA:19,2
DA:20,3
DA:21,1
DA:22,2
LF:9
LH:9
end_of_record
SF:lib/presentation/bloc/popular_movie_bloc/popular_movie_event.dart
DA:4,1
DA:6,0
DA:7,0
DA:11,0
DA:12,0
LF:5
LH:1
end_of_record
SF:lib/presentation/bloc/popular_movie_bloc/popular_movie_state.dart
DA:4,2
DA:6,1
DA:7,1
DA:17,2
DA:19,1
DA:20,2
DA:26,2
DA:30,1
DA:31,2
LF:9
LH:9
end_of_record
SF:lib/presentation/bloc/popular_movie_bloc/popular_movie_bloc.dart
DA:11,3
DA:12,2
DA:13,2
DA:14,3
DA:15,1
DA:16,1
DA:17,3
DA:19,1
DA:20,2
LF:9
LH:9
end_of_record
SF:lib/presentation/bloc/toprated_movie_bloc/toprated_movie_state.dart
DA:4,2
DA:6,1
DA:7,1
DA:17,2
DA:19,1
DA:20,2
DA:26,2
DA:30,1
DA:31,2
LF:9
LH:9
end_of_record
SF:lib/presentation/bloc/toprated_movie_bloc/toprated_movie_bloc.dart
DA:12,3
DA:13,2
DA:14,2
DA:15,3
DA:16,1
DA:17,1
DA:18,3
DA:20,1
DA:21,2
LF:9
LH:9
end_of_record
SF:lib/presentation/bloc/toprated_movie_bloc/toprated_movie_event.dart
DA:4,1
DA:6,0
DA:7,0
DA:11,0
DA:12,0
LF:5
LH:1
end_of_record
SF:lib/presentation/bloc/tv_detail_bloc/tv_detail_event.dart
DA:4,1
DA:6,0
DA:7,0
DA:13,1
DA:15,0
DA:16,0
LF:6
LH:2
end_of_record
SF:lib/presentation/bloc/tv_detail_bloc/tv_detail_state.dart
DA:4,1
DA:6,0
DA:7,0
DA:11,1
DA:12,1
DA:16,1
DA:17,1
DA:23,1
DA:25,1
DA:26,2
DA:32,1
DA:34,1
DA:35,2
LF:13
LH:11
end_of_record
SF:lib/presentation/bloc/tv_detail_bloc/tv_detail_bloc.dart
DA:11,3
DA:12,2
DA:13,1
DA:14,2
DA:15,3
DA:17,2
DA:18,3
DA:19,1
DA:20,2
LF:9
LH:9
end_of_record
SF:lib/common/state_enum.dart
DA:1,13
LF:1
LH:1
end_of_record
SF:lib/presentation/provider/top_rated_tv_notifier.dart
DA:9,1
DA:12,2
DA:15,2
DA:18,2
DA:20,1
DA:21,1
DA:22,1
DA:24,3
DA:26,1
DA:27,1
DA:28,2
DA:29,1
DA:30,1
DA:32,1
DA:33,1
DA:34,1
DA:35,1
LF:17
LH:17
end_of_record
SF:lib/presentation/provider/tv_list_notifier.dart
DA:10,2
DA:13,2
DA:16,2
DA:19,2
DA:22,2
DA:25,2
DA:28,2
DA:30,1
DA:40,1
DA:41,1
DA:42,1
DA:44,3
DA:46,1
DA:47,1
DA:48,1
DA:49,2
DA:50,1
DA:52,1
DA:53,1
DA:54,1
DA:55,1
DA:60,1
DA:61,1
DA:62,1
DA:64,3
DA:66,1
DA:67,1
DA:68,1
DA:69,2
DA:70,1
DA:72,1
DA:73,1
DA:74,1
DA:75,1
DA:80,1
DA:81,1
DA:82,1
DA:84,3
DA:86,1
DA:87,1
DA:88,1
DA:89,2
DA:90,1
DA:92,1
DA:93,1
DA:94,1
DA:95,1
LF:47
LH:47
end_of_record
SF:lib/presentation/provider/watchlist_movie_notifier.dart
DA:8,2
DA:11,2
DA:14,2
DA:16,1
DA:20,1
DA:21,1
DA:22,1
DA:24,3
DA:25,1
DA:26,1
DA:27,1
DA:28,2
DA:29,1
DA:31,1
DA:32,1
DA:33,1
DA:34,1
LF:17
LH:17
end_of_record
SF:lib/presentation/provider/movie_list_notifier.dart
DA:10,2
DA:13,2
DA:16,2
DA:19,2
DA:22,2
DA:25,2
DA:28,2
DA:30,1
DA:40,1
DA:41,1
DA:42,1
DA:44,3
DA:45,1
DA:46,1
DA:47,1
DA:48,2
DA:49,1
DA:51,1
DA:52,1
DA:53,1
DA:54,1
DA:59,1
DA:60,1
DA:61,1
DA:63,3
DA:64,1
DA:65,1
DA:66,1
DA:67,2
DA:68,1
DA:70,1
DA:71,1
DA:72,1
DA:73,1
DA:78,1
DA:79,1
DA:80,1
DA:82,3
DA:83,1
DA:84,1
DA:85,1
DA:86,2
DA:87,1
DA:89,1
DA:90,1
DA:91,1
DA:92,1
LF:47
LH:47
end_of_record
SF:lib/presentation/provider/tv_search_notifier.dart
DA:9,1
DA:12,2
DA:15,2
DA:18,2
DA:20,1
DA:21,1
DA:22,1
DA:24,3
DA:25,1
DA:26,1
DA:27,2
DA:28,1
DA:29,1
DA:31,1
DA:32,1
DA:33,1
DA:34,1
LF:17
LH:17
end_of_record
SF:lib/presentation/provider/movie_search_notifier.dart
DA:9,1
DA:12,2
DA:15,2
DA:18,2
DA:20,1
DA:21,1
DA:22,1
DA:24,3
DA:25,1
DA:26,1
DA:27,2
DA:28,1
DA:29,1
DA:31,1
DA:32,1
DA:33,1
DA:34,1
LF:17
LH:17
end_of_record
SF:lib/presentation/provider/movie_detail_notifier.dart
DA:22,1
DA:31,2
DA:34,2
DA:37,2
DA:40,2
DA:43,2
DA:46,2
DA:48,1
DA:49,1
DA:50,1
DA:51,3
DA:52,3
DA:53,1
DA:54,1
DA:55,1
DA:56,2
DA:57,1
DA:59,1
DA:60,1
DA:61,1
DA:62,1
DA:63,1
DA:64,1
DA:65,1
DA:66,2
DA:68,1
DA:69,1
DA:70,1
DA:73,1
DA:74,1
DA:80,2
DA:82,1
DA:83,3
DA:85,2
DA:86,1
DA:87,2
DA:89,1
DA:90,1
DA:94,3
DA:97,1
DA:98,3
DA:100,2
DA:101,0
DA:102,0
DA:104,1
DA:105,1
DA:109,3
DA:112,1
DA:113,3
DA:114,1
DA:115,1
LF:51
LH:49
end_of_record
SF:lib/presentation/provider/top_rated_movies_notifier.dart
DA:9,1
DA:12,2
DA:15,2
DA:18,2
DA:20,1
DA:21,1
DA:22,1
DA:24,3
DA:26,1
DA:27,1
DA:28,2
DA:29,1
DA:30,1
DA:32,1
DA:33,1
DA:34,1
DA:35,1
LF:17
LH:17
end_of_record
SF:lib/presentation/provider/popular_movies_notifier.dart
DA:9,1
DA:12,2
DA:15,2
DA:18,2
DA:20,1
DA:21,1
DA:22,1
DA:24,3
DA:26,1
DA:27,1
DA:28,2
DA:29,1
DA:30,1
DA:32,1
DA:33,1
DA:34,1
DA:35,1
LF:17
LH:17
end_of_record
SF:lib/presentation/provider/watchlist_tv_notifier.dart
DA:8,2
DA:11,2
DA:14,2
DA:16,1
DA:20,1
DA:21,1
DA:22,1
DA:24,3
DA:25,1
DA:26,1
DA:27,1
DA:28,2
DA:29,1
DA:31,1
DA:32,1
DA:33,1
DA:34,1
LF:17
LH:17
end_of_record
SF:lib/presentation/provider/popular_tv_notifier.dart
DA:9,1
DA:12,2
DA:15,2
DA:18,2
DA:20,1
DA:21,1
DA:22,1
DA:24,3
DA:26,1
DA:27,1
DA:28,2
DA:29,1
DA:30,1
DA:32,1
DA:33,1
DA:34,1
DA:35,1
LF:17
LH:17
end_of_record
SF:lib/presentation/pages/top_rated_tv_page.dart
DA:9,1
DA:10,1
DA:14,1
DA:16,1
DA:17,1
DA:18,4
DA:21,1
DA:24,1
DA:26,1
DA:27,1
DA:28,1
DA:30,1
DA:32,1
DA:33,1
DA:34,1
DA:35,1
DA:36,1
DA:38,1
DA:39,1
DA:40,1
DA:41,2
DA:42,1
DA:44,2
DA:46,1
DA:47,1
DA:48,1
DA:49,2
DA:52,0
LF:28
LH:27
end_of_record
SF:lib/presentation/widgets/tv_card_list.dart
DA:11,2
DA:13,2
DA:14,2
DA:18,2
DA:20,2
DA:22,2
DA:23,0
DA:24,0
DA:27,0
DA:30,2
DA:32,2
DA:33,2
DA:34,2
DA:40,2
DA:42,2
DA:43,2
DA:44,6
DA:47,2
DA:49,2
DA:50,2
DA:51,6
DA:59,2
DA:64,2
DA:65,2
DA:66,8
DA:68,4
DA:69,2
DA:71,0
DA:73,4
LF:29
LH:25
end_of_record
SF:lib/presentation/pages/tv_detail_page.dart
DA:18,0
DA:20,0
DA:21,0
DA:25,0
DA:27,0
DA:28,0
DA:29,0
DA:31,0
DA:33,0
DA:34,0
DA:36,0
DA:37,0
DA:41,0
DA:43,0
DA:44,0
DA:45,0
DA:49,0
DA:50,0
DA:51,0
DA:52,0
DA:53,0
DA:54,0
DA:56,0
DA:57,0
DA:59,0
DA:60,0
DA:65,0
DA:66,0
DA:67,0
DA:70,0
DA:83,0
DA:88,0
DA:89,0
DA:93,0
DA:95,0
DA:96,0
DA:97,0
DA:98,0
DA:99,0
DA:101,0
DA:102,0
DA:104,0
DA:106,0
DA:108,0
DA:109,0
DA:110,0
DA:111,0
DA:113,0
DA:120,0
DA:121,0
DA:122,0
DA:124,0
DA:126,0
DA:128,0
DA:129,0
DA:130,0
DA:131,0
DA:133,0
DA:134,0
DA:135,0
DA:137,0
DA:138,0
DA:140,0
DA:141,0
DA:147,0
DA:148,0
DA:150,0
DA:151,0
DA:153,0
DA:157,0
DA:162,0
DA:165,0
DA:168,0
DA:169,0
DA:171,0
DA:172,0
DA:174,0
DA:175,0
DA:176,0
DA:181,0
DA:182,0
DA:183,0
DA:186,0
DA:188,0
DA:189,0
DA:190,0
DA:191,0
DA:192,0
DA:196,0
DA:197,0
DA:199,0
DA:202,0
DA:203,0
DA:204,0
DA:205,0
DA:206,0
DA:208,0
DA:214,0
DA:217,0
DA:218,0
DA:220,0
DA:222,0
DA:223,0
DA:225,0
DA:226,0
DA:228,0
DA:230,0
DA:231,0
DA:232,0
DA:233,0
DA:234,0
DA:236,0
DA:237,0
DA:239,0
DA:241,0
DA:242,0
DA:243,0
DA:245,0
DA:246,0
DA:247,0
DA:248,0
DA:249,0
DA:251,0
DA:253,0
DA:254,0
DA:255,0
DA:257,0
DA:260,0
DA:261,0
DA:267,0
DA:271,0
DA:275,0
DA:278,0
DA:280,0
DA:282,0
DA:283,0
DA:284,0
DA:285,0
DA:286,0
DA:288,0
DA:289,0
DA:291,0
DA:293,0
DA:295,0
DA:296,0
DA:298,0
DA:299,0
DA:300,0
DA:301,0
DA:302,0
DA:304,0
DA:305,0
DA:306,0
DA:308,0
DA:310,0
DA:311,0
DA:313,0
DA:316,0
DA:317,0
DA:320,0
DA:323,0
DA:326,0
DA:327,0
DA:329,0
DA:331,0
DA:333,0
DA:337,0
DA:343,0
DA:344,0
DA:345,0
DA:346,0
DA:352,0
DA:353,0
DA:354,0
DA:355,0
DA:356,0
DA:357,0
DA:361,0
DA:363,0
DA:370,0
DA:371,0
DA:384,0
DA:388,0
DA:392,0
DA:393,0
DA:395,0
DA:397,0
DA:399,0
DA:400,0
DA:401,0
DA:402,0
DA:403,0
DA:405,0
DA:406,0
DA:408,0
DA:410,0
DA:411,0
DA:412,0
DA:414,0
DA:415,0
DA:416,0
DA:419,0
DA:422,0
DA:423,0
DA:424,0
DA:426,0
DA:428,0
DA:429,0
DA:430,0
DA:432,0
DA:435,0
DA:436,0
DA:442,0
DA:445,0
DA:446,0
DA:447,0
DA:450,0
DA:454,0
DA:461,0
DA:463,0
DA:476,0
DA:478,0
DA:481,0
DA:482,0
DA:483,0
DA:484,0
DA:493,0
DA:495,0
DA:496,0
DA:499,0
DA:503,0
LF:231
LH:0
end_of_record
SF:lib/presentation/provider/tv_detail_notifer.dart
DA:24,0
DA:34,0
DA:37,0
DA:40,0
DA:43,0
DA:46,0
DA:49,0
DA:52,0
DA:55,0
DA:58,0
DA:60,0
DA:61,0
DA:62,0
DA:64,0
DA:65,0
DA:66,0
DA:68,0
DA:69,0
DA:70,0
DA:71,0
DA:72,0
DA:74,0
DA:75,0
DA:76,0
DA:77,0
DA:79,0
DA:80,0
DA:81,0
DA:82,0
DA:83,0
DA:84,0
DA:85,0
DA:87,0
DA:88,0
DA:89,0
DA:90,0
DA:91,0
DA:92,0
DA:93,0
DA:97,0
DA:98,0
DA:99,0
DA:104,0
DA:105,0
DA:107,0
DA:108,0
DA:109,0
DA:111,0
DA:112,0
DA:116,0
DA:119,0
DA:120,0
DA:122,0
DA:123,0
DA:124,0
DA:126,0
DA:127,0
DA:131,0
DA:134,0
DA:135,0
DA:136,0
DA:137,0
LF:62
LH:0
end_of_record
SF:lib/presentation/pages/movie_detail_page.dart
DA:16,1
DA:18,1
DA:19,1
DA:23,1
DA:25,1
DA:26,2
DA:27,6
DA:29,1
DA:30,1
DA:31,4
DA:33,1
DA:34,1
DA:35,4
DA:39,1
DA:41,2
DA:42,2
DA:43,2
DA:48,1
DA:49,1
DA:50,1
DA:51,1
DA:52,1
DA:53,1
DA:55,1
DA:56,1
DA:58,1
DA:59,1
DA:64,0
DA:65,0
DA:66,0
DA:69,0
DA:82,1
DA:87,1
DA:88,1
DA:92,1
DA:94,3
DA:95,1
DA:96,1
DA:97,1
DA:98,4
DA:100,2
DA:101,1
DA:103,0
DA:105,1
DA:107,1
DA:108,1
DA:109,1
DA:110,1
DA:112,2
DA:119,1
DA:120,1
DA:121,1
DA:123,1
DA:125,1
DA:127,1
DA:128,1
DA:129,3
DA:130,1
DA:132,1
DA:133,0
DA:134,0
DA:135,0
DA:136,0
DA:138,0
DA:139,0
DA:140,0
DA:144,0
DA:145,0
DA:149,0
DA:150,0
DA:152,0
DA:156,0
DA:161,0
DA:162,0
DA:163,0
DA:164,0
DA:166,0
DA:168,0
DA:169,0
DA:170,0
DA:176,0
DA:177,0
DA:178,0
DA:181,1
DA:183,1
DA:184,2
DA:185,1
DA:186,1
DA:187,1
DA:191,1
DA:192,4
DA:194,1
DA:195,4
DA:197,1
DA:198,1
DA:199,1
DA:200,4
DA:202,2
DA:208,5
DA:211,1
DA:212,1
DA:214,1
DA:216,1
DA:217,3
DA:219,1
DA:220,1
DA:222,1
DA:224,1
DA:226,1
DA:227,1
DA:228,1
DA:229,0
DA:230,0
DA:232,1
DA:233,1
DA:235,1
DA:237,1
DA:238,2
DA:239,1
DA:241,1
DA:242,0
DA:243,0
DA:246,0
DA:249,1
DA:250,1
DA:251,1
DA:253,1
DA:255,2
DA:256,1
DA:257,1
DA:259,1
DA:262,0
DA:263,0
DA:269,2
DA:272,0
DA:273,0
DA:274,0
DA:277,0
DA:285,1
DA:287,1
DA:300,1
DA:302,1
DA:305,1
DA:306,1
DA:307,0
DA:308,0
DA:317,1
DA:319,2
DA:320,3
DA:323,1
DA:327,3
DA:330,1
DA:331,1
DA:332,1
DA:334,1
DA:335,1
DA:337,0
LF:157
LH:114
end_of_record
SF:lib/presentation/pages/popular_tv_page.dart
DA:9,1
DA:10,1
DA:14,1
DA:16,1
DA:17,1
DA:18,1
DA:20,1
DA:22,1
DA:23,1
DA:24,1
DA:25,1
DA:26,1
DA:28,1
DA:29,1
DA:30,1
DA:31,2
DA:32,1
DA:34,2
DA:36,1
DA:37,1
DA:38,1
DA:39,2
DA:42,0
LF:23
LH:22
end_of_record
SF:lib/presentation/pages/top_rated_movies_page.dart
DA:9,1
DA:10,1
DA:14,1
DA:16,1
DA:17,1
DA:18,1
DA:20,1
DA:22,1
DA:23,1
DA:24,1
DA:25,1
DA:26,1
DA:28,1
DA:29,1
DA:30,1
DA:31,2
DA:32,1
DA:34,2
DA:36,1
DA:37,1
DA:38,1
DA:39,2
DA:42,0
LF:23
LH:22
end_of_record
SF:lib/presentation/widgets/movie_card_list.dart
DA:10,2
DA:12,2
DA:14,2
DA:16,2
DA:17,0
DA:18,0
DA:21,0
DA:24,2
DA:26,2
DA:27,2
DA:28,2
DA:34,2
DA:36,2
DA:37,2
DA:38,4
DA:41,2
DA:43,2
DA:44,2
DA:45,4
DA:53,2
DA:58,2
DA:59,2
DA:60,6
DA:62,4
DA:63,2
DA:65,0
DA:67,4
LF:27
LH:23
end_of_record
SF:lib/presentation/pages/popular_movies_page.dart
DA:9,1
DA:10,1
DA:14,1
DA:16,1
DA:17,1
DA:18,1
DA:20,1
DA:22,1
DA:23,1
DA:24,1
DA:25,1
DA:26,1
DA:28,1
DA:29,1
DA:30,1
DA:31,2
DA:32,1
DA:34,2
DA:36,1
DA:37,1
DA:38,1
DA:39,2
DA:42,0
LF:23
LH:22
end_of_record
